[    2375ms] [ERROR] Error: Not connected to alive
    at i (https://github.githubassets.com/assets/19838-05af0a13b87a7404.js:2:3320)
    at https://github.githubassets.com/assets/45390-1efce06f700a0a0f.js:5:124309 @ https://github.githubassets.com/assets/45390-1efce06f700a0a0f.js:4
[    2375ms] [ERROR] Error: Not connected to alive
    at i (https://github.githubassets.com/assets/19838-05af0a13b87a7404.js:2:3320)
    at https://github.githubassets.com/assets/45390-1efce06f700a0a0f.js:5:124309 @ https://github.githubassets.com/assets/45390-1efce06f700a0a0f.js:4
[    2375ms] [ERROR] Error: Not connected to alive
    at i (https://github.githubassets.com/assets/19838-05af0a13b87a7404.js:2:3320)
    at https://github.githubassets.com/assets/45390-1efce06f700a0a0f.js:5:124309 @ https://github.githubassets.com/assets/45390-1efce06f700a0a0f.js:4
[    2375ms] [ERROR] Error: Not connected to alive
    at i (https://github.githubassets.com/assets/19838-05af0a13b87a7404.js:2:3320)
    at https://github.githubassets.com/assets/45390-1efce06f700a0a0f.js:5:124309 @ https://github.githubassets.com/assets/45390-1efce06f700a0a0f.js:4
[    2703ms] [ERROR] Failed to load resource: the server responded with a status of 404 () @ https://github.com/google/A2UI/issues/985/edit_form?textarea_id=issue-4137832371-body&comment_context=:0
[    2860ms] [ERROR] Failed to load resource: the server responded with a status of 503 () @ https://collector.github.com/github/collect:0
[    3052ms] [ERROR] Failed to load resource: the server responded with a status of 503 () @ https://collector.github.com/github/collect:0
[    3165ms] [ERROR] Failed to load resource: the server responded with a status of 503 () @ https://collector.github.com/github/collect:0
[    3322ms] [ERROR] Failed to load resource: the server responded with a status of 503 () @ https://collector.github.com/github/collect:0
[    3599ms] [ERROR] Failed to load resource: the server responded with a status of 503 () @ https://collector.github.com/github/collect:0
[    4116ms] [ERROR] Failed to load resource: the server responded with a status of 503 () @ https://collector.github.com/github/collect:0
[    4663ms] [ERROR] Failed to load resource: the server responded with a status of 503 () @ https://collector.github.com/github/collect:0
[    4837ms] [ERROR] Failed to load resource: the server responded with a status of 503 () @ https://collector.github.com/github/collect:0
[    4933ms] [ERROR] Failed to load resource: the server responded with a status of 503 () @ https://collector.github.com/github/collect:0
[    6373ms] [ERROR] Failed to load resource: the server responded with a status of 503 () @ https://collector.github.com/github/collect:0
